La génération a démarré 01/11/2015 21:58:00.
     1>Projet "D:\Programmation\RealTimeScheduling\Project\Project.vcxproj" sur le nœud 2 (Build cible(s)).
     1>ClCompile:
         E:\Program Files (x86)\Microsoft Visual Studio 12.0\VC\bin\CL.exe /c /ZI /nologo /W3 /WX- /Od /Oy- /D WIN32 /D _DEBUG /D _CONSOLE /D _LIB /D _UNICODE /D UNICODE /Gm /EHsc /RTC1 /MDd /GS /fp:precise /Zc:wchar_t /Zc:forScope /Fo"Debug\\" /Fd"Debug\vc120.pdb" /Gd /TP /analyze- /errorReport:prompt ConfigFile.cpp Main.cpp
         Main.cpp
     1>d:\programmation\realtimescheduling\project\main.cpp(24): warning C4996: '_sleep': This function or variable has been superceded by newer library or operating system functionality. Consider using Sleep instead. See online help for details.
                 e:\program files (x86)\microsoft visual studio 12.0\vc\include\stdlib.h(911) : voir la déclaration de '_sleep'
     1>d:\programmation\realtimescheduling\project\main.cpp(27): warning C4996: '_sleep': This function or variable has been superceded by newer library or operating system functionality. Consider using Sleep instead. See online help for details.
                 e:\program files (x86)\microsoft visual studio 12.0\vc\include\stdlib.h(911) : voir la déclaration de '_sleep'
         ConfigFile.cpp
     1>d:\programmation\realtimescheduling\project\configfile.cpp(61): warning C4244: 'return' : conversion de 'uint64_t' en 'long', perte possible de données
     1>d:\programmation\realtimescheduling\project\configfile.cpp(69): warning C4996: '_sleep': This function or variable has been superceded by newer library or operating system functionality. Consider using Sleep instead. See online help for details.
                 e:\program files (x86)\microsoft visual studio 12.0\vc\include\stdlib.h(911) : voir la déclaration de '_sleep'
     1>d:\programmation\realtimescheduling\project\configfile.cpp(122): warning C4244: 'argument' : conversion de 'time_t' en 'unsigned int', perte possible de données
     1>d:\programmation\realtimescheduling\project\configfile.cpp(277): warning C4996: '_sleep': This function or variable has been superceded by newer library or operating system functionality. Consider using Sleep instead. See online help for details.
                 e:\program files (x86)\microsoft visual studio 12.0\vc\include\stdlib.h(911) : voir la déclaration de '_sleep'
     1>d:\programmation\realtimescheduling\project\configfile.cpp(282): warning C4996: '_sleep': This function or variable has been superceded by newer library or operating system functionality. Consider using Sleep instead. See online help for details.
                 e:\program files (x86)\microsoft visual studio 12.0\vc\include\stdlib.h(911) : voir la déclaration de '_sleep'
         Génération de code en cours...
       Link:
         E:\Program Files (x86)\Microsoft Visual Studio 12.0\VC\bin\link.exe /ERRORREPORT:PROMPT /OUT:"D:\Programmation\RealTimeScheduling\Debug\Project.exe" /INCREMENTAL /NOLOGO kernel32.lib user32.lib gdi32.lib winspool.lib comdlg32.lib advapi32.lib shell32.lib ole32.lib oleaut32.lib uuid.lib odbc32.lib odbccp32.lib /MANIFEST /MANIFESTUAC:"level='asInvoker' uiAccess='false'" /manifest:embed /DEBUG /PDB:"D:\Programmation\RealTimeScheduling\Debug\Project.pdb" /SUBSYSTEM:CONSOLE /TLBID:1 /DYNAMICBASE /NXCOMPAT /IMPLIB:"D:\Programmation\RealTimeScheduling\Debug\Project.lib" /MACHINE:X86 Debug\ConfigFile.obj
         Debug\DeadlineSchedule.obj
         Debug\MainThread.obj
         Debug\PrioritySchedule.obj
         Debug\QueueSchedule.obj
         Debug\Room.obj
         Debug\Main.obj
         Debug\Schedule.obj
         Debug\Tools.obj
         Debug\UI.obj
         Project.vcxproj -> D:\Programmation\RealTimeScheduling\Debug\Project.exe
     1>Génération du projet "D:\Programmation\RealTimeScheduling\Project\Project.vcxproj" terminée (Build cible(s)).

La génération a réussi.

Temps écoulé 00:00:05.53
