d:\documents\visual studio 2013\projects\project\project\debug\vc120.pdb
d:\documents\visual studio 2013\projects\project\project\debug\vc120.idb
d:\documents\visual studio 2013\projects\project\project\debug\mainthread.obj
d:\documents\visual studio 2013\projects\project\project\debug\room.obj
d:\documents\visual studio 2013\projects\project\project\debug\main.obj
d:\documents\visual studio 2013\projects\project\project\debug\tools.obj
d:\programmation\realtimescheduling\project\debug\vc120.pdb
d:\programmation\realtimescheduling\project\debug\vc120.idb
d:\programmation\realtimescheduling\project\debug\mainthread.obj
d:\programmation\realtimescheduling\project\debug\room.obj
d:\programmation\realtimescheduling\project\debug\main.obj
d:\programmation\realtimescheduling\project\debug\tools.obj
d:\programmation\realtimescheduling\project\debug\configfile.obj
d:\programmation\realtimescheduling\project\debug\priorityschedule.obj
d:\programmation\realtimescheduling\project\debug\schedule.obj
d:\programmation\realtimescheduling\project\debug\ui.obj
d:\documents\visual studio 2013\projects\project\debug\project.ilk
d:\documents\visual studio 2013\projects\project\debug\project.exe
d:\documents\visual studio 2013\projects\project\debug\project.pdb
d:\programmation\realtimescheduling\debug\project.ilk
d:\programmation\realtimescheduling\debug\project.exe
d:\programmation\realtimescheduling\debug\project.pdb
d:\programmation\realtimescheduling\project\debug\project.tlog\cl.command.1.tlog
d:\programmation\realtimescheduling\project\debug\project.tlog\cl.read.1.tlog
d:\programmation\realtimescheduling\project\debug\project.tlog\cl.write.1.tlog
d:\programmation\realtimescheduling\project\debug\project.tlog\link.command.1.tlog
d:\programmation\realtimescheduling\project\debug\project.tlog\link.read.1.tlog
d:\programmation\realtimescheduling\project\debug\project.tlog\link.write.1.tlog
