La génération a démarré 04/11/2015 00:56:40.
     1>Projet "D:\Programmation\RealTimeScheduling\Project\Project.vcxproj" sur le nœud 2 (Build cible(s)).
     1>ClCompile:
         E:\Program Files (x86)\Microsoft Visual Studio 12.0\VC\bin\CL.exe /c /Zi /nologo /W3 /WX- /O2 /Oi /Oy- /GL /D WIN32 /D NDEBUG /D _CONSOLE /D _LIB /D _UNICODE /D UNICODE /Gm- /EHsc /MD /GS /Gy /fp:precise /Zc:wchar_t /Zc:forScope /Fo"Release\\" /Fd"Release\vc120.pdb" /FR"Release\\" /Gd /TP /analyze- /errorReport:prompt ConfigFile.cpp DeadlineSchedule.cpp Main.cpp MainThread.cpp PrioritySchedule.cpp QueueSchedule.cpp Room.cpp Schedule.cpp UI.cpp
         ConfigFile.cpp
     1>ConfigFile.cpp(63): warning C4244: 'return' : conversion de 'uint64_t' en 'long', perte possible de données
     1>ConfigFile.cpp(71): warning C4996: '_sleep': This function or variable has been superceded by newer library or operating system functionality. Consider using Sleep instead. See online help for details.
                 E:\Program Files (x86)\Microsoft Visual Studio 12.0\VC\include\stdlib.h(911) : voir la déclaration de '_sleep'
     1>ConfigFile.cpp(119): warning C4244: 'argument' : conversion de 'time_t' en 'unsigned int', perte possible de données
     1>ConfigFile.cpp(298): warning C4996: '_sleep': This function or variable has been superceded by newer library or operating system functionality. Consider using Sleep instead. See online help for details.
                 E:\Program Files (x86)\Microsoft Visual Studio 12.0\VC\include\stdlib.h(911) : voir la déclaration de '_sleep'
     1>ConfigFile.cpp(303): warning C4996: '_sleep': This function or variable has been superceded by newer library or operating system functionality. Consider using Sleep instead. See online help for details.
                 E:\Program Files (x86)\Microsoft Visual Studio 12.0\VC\include\stdlib.h(911) : voir la déclaration de '_sleep'
         DeadlineSchedule.cpp
         Main.cpp
     1>Main.cpp(27): warning C4996: '_sleep': This function or variable has been superceded by newer library or operating system functionality. Consider using Sleep instead. See online help for details.
                 E:\Program Files (x86)\Microsoft Visual Studio 12.0\VC\include\stdlib.h(911) : voir la déclaration de '_sleep'
     1>Main.cpp(30): warning C4996: '_sleep': This function or variable has been superceded by newer library or operating system functionality. Consider using Sleep instead. See online help for details.
                 E:\Program Files (x86)\Microsoft Visual Studio 12.0\VC\include\stdlib.h(911) : voir la déclaration de '_sleep'
         MainThread.cpp
         PrioritySchedule.cpp
     1>PrioritySchedule.cpp(104): warning C4244: 'initialisation' : conversion de 'std::chrono::system_clock::rep' en 'double', perte possible de données
         QueueSchedule.cpp
         Room.cpp
         Schedule.cpp
         UI.cpp
       Link:
         E:\Program Files (x86)\Microsoft Visual Studio 12.0\VC\bin\link.exe /ERRORREPORT:PROMPT /OUT:"D:\Programmation\RealTimeScheduling\Release\Project.exe" /INCREMENTAL:NO /NOLOGO kernel32.lib user32.lib gdi32.lib winspool.lib comdlg32.lib advapi32.lib shell32.lib ole32.lib oleaut32.lib uuid.lib odbc32.lib odbccp32.lib /MANIFEST /MANIFESTUAC:"level='asInvoker' uiAccess='false'" /manifest:embed /DEBUG /PDB:"D:\Programmation\RealTimeScheduling\Release\Project.pdb" /SUBSYSTEM:CONSOLE /OPT:REF /OPT:ICF /LTCG /TLBID:1 /DYNAMICBASE /NXCOMPAT /IMPLIB:"D:\Programmation\RealTimeScheduling\Release\Project.lib" /MACHINE:X86 /SAFESEH Release\ConfigFile.obj
         Release\DeadlineSchedule.obj
         Release\MainThread.obj
         Release\PrioritySchedule.obj
         Release\QueueSchedule.obj
         Release\Room.obj
         Release\Main.obj
         Release\Schedule.obj
         Release\Tools.obj
         Release\UI.obj
         Génération de code en cours
         Fin de la génération du code
         Project.vcxproj -> D:\Programmation\RealTimeScheduling\Release\Project.exe
       BscMake:
         E:\Program Files (x86)\Microsoft Visual Studio 12.0\VC\bin\bscmake.exe /nologo /o"D:\Programmation\RealTimeScheduling\Release\Project.bsc" /n Release\ConfigFile.sbr Release\DeadlineSchedule.sbr Release\MainThread.sbr Release\PrioritySchedule.sbr Release\QueueSchedule.sbr Release\Room.sbr Release\Main.sbr Release\Schedule.sbr Release\Tools.sbr Release\UI.sbr
     1>Génération du projet "D:\Programmation\RealTimeScheduling\Project\Project.vcxproj" terminée (Build cible(s)).

La génération a réussi.

Temps écoulé 00:00:08.95
